[    0.000000] Initializing cgroup subsys cpuset
[    0.000000] Initializing cgroup subsys cpu
[    0.000000] Initializing cgroup subsys cpuacct
[    0.000000] Linux version 4.4.0-210-generic (buildd@lgw01-amd64-009) (gcc version 5.4.0 20160609 (Ubuntu 5.4.0-6ubuntu1~16.04.12) ) #242-Ubuntu SMP Fri Apr 16 09:57:56 UTC 2021 (Ubuntu 4.4.0-210.242-generic 4.4.262)
[    0.000000] Command line: BOOT_IMAGE=/boot/vmlinuz-4.4.0-210-generic root=LABEL=cloudimg-rootfs ro console=tty1 console=ttyS0
[    0.000000] KERNEL supported cpus:
[    0.000000]   Intel GenuineIntel
[    0.000000]   AMD AuthenticAMD
[    0.000000]   Centaur CentaurHauls
[    0.000000] x86/fpu: xstate_offset[2]:  576, xstate_sizes[2]:  256
[    0.000000] x86/fpu: Supporting XSAVE feature 0x01: 'x87 floating point registers'
[    0.000000] x86/fpu: Supporting XSAVE feature 0x02: 'SSE registers'
[    0.000000] x86/fpu: Supporting XSAVE feature 0x04: 'AVX registers'
[    0.000000] x86/fpu: Enabled xstate features 0x7, context size is 832 bytes, using 'standard' format.
[    0.000000] e820: BIOS-provided physical RAM map:
[    0.000000] BIOS-e820: [mem 0x0000000000000000-0x000000000009fbff] usable
[    0.000000] BIOS-e820: [mem 0x000000000009fc00-0x000000000009ffff] reserved
[    0.000000] BIOS-e820: [mem 0x00000000000f0000-0x00000000000fffff] reserved
[    0.000000] BIOS-e820: [mem 0x0000000000100000-0x000000003ffeffff] usable
[    0.000000] BIOS-e820: [mem 0x000000003fff0000-0x000000003fffffff] ACPI data
[    0.000000] BIOS-e820: [mem 0x00000000fec00000-0x00000000fec00fff] reserved
[    0.000000] BIOS-e820: [mem 0x00000000fee00000-0x00000000fee00fff] reserved
[    0.000000] BIOS-e820: [mem 0x00000000fffc0000-0x00000000ffffffff] reserved
[    0.000000] NX (Execute Disable) protection: active
[    0.000000] SMBIOS 2.5 present.
[    0.000000] Hypervisor detected: KVM
[    0.000000] Kernel/User page tables isolation: disabled
[    0.000000] e820: last_pfn = 0x3fff0 max_arch_pfn = 0x400000000
[    0.000000] MTRR: Disabled
[    0.000000] x86/PAT: MTRRs disabled, skipping PAT initialization too.
[    0.000000] CPU MTRRs all blank - virtualized system.
[    0.000000] x86/PAT: Configuration [0-7]: WB  WT  UC- UC  WB  WT  UC- UC  
[    0.000000] found SMP MP-table at [mem 0x0009fff0-0x0009ffff] mapped at [ffff88000009fff0]
[    0.000000] Scanning 1 areas for low memory corruption
[    0.000000] RAMDISK: [mem 0x362dc000-0x37165fff]
[    0.000000] ACPI: Early table checksum verification disabled
[    0.000000] ACPI: RSDP 0x00000000000E0000 000024 (v02 VBOX  )
[    0.000000] ACPI: XSDT 0x000000003FFF0030 00003C (v01 VBOX   VBOXXSDT 00000001 ASL  00000061)
[    0.000000] ACPI: FACP 0x000000003FFF00F0 0000F4 (v04 VBOX   VBOXFACP 00000001 ASL  00000061)
[    0.000000] ACPI: DSDT 0x000000003FFF0470 002325 (v02 VBOX   VBOXBIOS 00000002 INTL 20100528)
[    0.000000] ACPI: FACS 0x000000003FFF0200 000040
[    0.000000] ACPI: FACS 0x000000003FFF0200 000040
[    0.000000] ACPI: APIC 0x000000003FFF0240 00005C (v02 VBOX   VBOXAPIC 00000001 ASL  00000061)
[    0.000000] ACPI: SSDT 0x000000003FFF02A0 0001CC (v01 VBOX   VBOXCPUT 00000002 INTL 20100528)
[    0.000000] No NUMA configuration found
[    0.000000] Faking a node at [mem 0x0000000000000000-0x000000003ffeffff]
[    0.000000] NODE_DATA(0) allocated [mem 0x3ffeb000-0x3ffeffff]
[    0.000000] kvm-clock: Using msrs 4b564d01 and 4b564d00
[    0.000000] kvm-clock: cpu 0, msr 0:3ffe3001, primary cpu clock
[    0.000000] kvm-clock: using sched offset of 3713350661 cycles
[    0.000000] clocksource: kvm-clock: mask: 0xffffffffffffffff max_cycles: 0x1cd42e4dffb, max_idle_ns: 881590591483 ns
[    0.000000] Zone ranges:
[    0.000000]   DMA      [mem 0x0000000000001000-0x0000000000ffffff]
[    0.000000]   DMA32    [mem 0x0000000001000000-0x000000003ffeffff]
[    0.000000]   Normal   empty
[    0.000000]   Device   empty
[    0.000000] Movable zone start for each node
[    0.000000] Early memory node ranges
[    0.000000]   node   0: [mem 0x0000000000001000-0x000000000009efff]
[    0.000000]   node   0: [mem 0x0000000000100000-0x000000003ffeffff]
[    0.000000] Initmem setup node 0 [mem 0x0000000000001000-0x000000003ffeffff]
[    0.000000] ACPI: PM-Timer IO Port: 0x4008
[    0.000000] IOAPIC[0]: apic_id 2, version 32, address 0xfec00000, GSI 0-23
[    0.000000] ACPI: INT_SRC_OVR (bus 0 bus_irq 0 global_irq 2 dfl dfl)
[    0.000000] ACPI: INT_SRC_OVR (bus 0 bus_irq 9 global_irq 9 low level)
[    0.000000] Using ACPI (MADT) for SMP configuration information
[    0.000000] smpboot: Allowing 2 CPUs, 0 hotplug CPUs
[    0.000000] PM: Registered nosave memory: [mem 0x00000000-0x00000fff]
[    0.000000] PM: Registered nosave memory: [mem 0x0009f000-0x0009ffff]
[    0.000000] PM: Registered nosave memory: [mem 0x000a0000-0x000effff]
[    0.000000] PM: Registered nosave memory: [mem 0x000f0000-0x000fffff]
[    0.000000] e820: [mem 0x40000000-0xfebfffff] available for PCI devices
[    0.000000] Booting paravirtualized kernel on KVM
[    0.000000] clocksource: refined-jiffies: mask: 0xffffffff max_cycles: 0xffffffff, max_idle_ns: 7645519600211568 ns
[    0.000000] setup_percpu: NR_CPUS:512 nr_cpumask_bits:512 nr_cpu_ids:2 nr_node_ids:1
[    0.000000] PERCPU: Embedded 33 pages/cpu @ffff88003fc00000 s95192 r8192 d31784 u1048576
[    0.000000] Built 1 zonelists in Node order, mobility grouping on.  Total pages: 257912
[    0.000000] Policy zone: DMA32
[    0.000000] Kernel command line: BOOT_IMAGE=/boot/vmlinuz-4.4.0-210-generic root=LABEL=cloudimg-rootfs ro console=tty1 console=ttyS0
[    0.000000] PID hash table entries: 4096 (order: 3, 32768 bytes)
[    0.000000] Memory: 997792K/1048120K available (8644K kernel code, 1332K rwdata, 4044K rodata, 1492K init, 1164K bss, 50328K reserved, 0K cma-reserved)
[    0.000000] SLUB: HWalign=64, Order=0-3, MinObjects=0, CPUs=2, Nodes=1
[    0.000000] Hierarchical RCU implementation.
[    0.000000] 	Build-time adjustment of leaf fanout to 64.
[    0.000000] 	RCU restricting CPUs from NR_CPUS=512 to nr_cpu_ids=2.
[    0.000000] RCU: Adjusting geometry for rcu_fanout_leaf=64, nr_cpu_ids=2
[    0.000000] NR_IRQS:33024 nr_irqs:440 16
[    0.000000] Console: colour VGA+ 80x25
[    0.000000] console [tty1] enabled
[    0.000000] console [ttyS0] enabled
[    0.000000] tsc: Detected 2303.998 MHz processor
[    0.224107] Calibrating delay loop (skipped) preset value.. 4607.99 BogoMIPS (lpj=9215992)
[    0.226691] pid_max: default: 32768 minimum: 301
[    0.228482] ACPI: Core revision 20150930
[    0.231983] ACPI: 2 ACPI AML tables successfully acquired and loaded
[    0.233831] Security Framework initialized
[    0.234987] Yama: becoming mindful.
[    0.236002] AppArmor: AppArmor initialized
[    0.237284] Dentry cache hash table entries: 131072 (order: 8, 1048576 bytes)
[    0.239380] Inode-cache hash table entries: 65536 (order: 7, 524288 bytes)
[    0.246309] Mount-cache hash table entries: 2048 (order: 2, 16384 bytes)
[    0.248563] Mountpoint-cache hash table entries: 2048 (order: 2, 16384 bytes)
[    0.250564] Initializing cgroup subsys io
[    0.251791] Initializing cgroup subsys memory
[    0.253075] Initializing cgroup subsys devices
[    0.254461] Initializing cgroup subsys freezer
[    0.255969] Initializing cgroup subsys net_cls
[    0.257203] Initializing cgroup subsys perf_event
[    0.258643] Initializing cgroup subsys net_prio
[    0.260371] Initializing cgroup subsys hugetlb
[    0.261775] Initializing cgroup subsys pids
[    0.275980] mce: CPU supports 0 MCE banks
[    0.277964] Last level iTLB entries: 4KB 64, 2MB 8, 4MB 8
[    0.279689] Last level dTLB entries: 4KB 64, 2MB 0, 4MB 0, 1GB 4
[    0.281732] Spectre V1 : Mitigation: usercopy/swapgs barriers and __user pointer sanitization
[    0.283741] Spectre V2 : Mitigation: Full generic retpoline
[    0.285232] Spectre V2 : Spectre v2 / SpectreRSB mitigation: Filling RSB on context switch
[    0.287409] Speculative Store Bypass: Vulnerable
[    0.288355] TAA: Mitigation: TSX disabled
[    0.289206] SRBDS: Mitigation: TSX disabled
[    0.293275] Freeing SMP alternatives memory: 36K
[    0.301941] ftrace: allocating 32380 entries in 127 pages
[    0.402860] smpboot: APIC(0) Converting physical 0 to logical package 0
[    0.406600] smpboot: Max logical packages: 1
[    0.410449] x2apic enabled
[    0.414251] Switched APIC routing to physical x2apic.
[    0.419767] ..TIMER: vector=0x30 apic1=0 pin1=2 apic2=-1 pin2=-1
[    0.531806] smpboot: CPU0: Intel(R) Core(TM) i7-10610U CPU @ 1.80GHz (family: 0x6, model: 0x8e, stepping: 0xc)
[    0.539742] Performance Events: unsupported p6 CPU model 142 no PMU driver, software events only.
[    0.570320] KVM setup paravirtual spinlock
[    0.574046] x86: Booting SMP configuration:
[    0.576499] .... node  #0, CPUs:      #1
[    0.579767] kvm-clock: cpu 1, msr 0:3ffe3041, secondary cpu clock
[    0.607100] mce: CPU supports 0 MCE banks
[    0.611508] x86: Booted up 1 node, 2 CPUs
[    0.615611] smpboot: Total of 2 processors activated (9215.99 BogoMIPS)
[    0.621025] devtmpfs: initialized
[    0.629448] evm: security.selinux
[    0.631927] evm: security.SMACK64
[    0.634497] evm: security.SMACK64EXEC
[    0.636761] evm: security.SMACK64TRANSMUTE
[    0.639151] evm: security.SMACK64MMAP
[    0.640071] evm: security.ima
[    0.640807] evm: security.capability
[    0.642078] clocksource: jiffies: mask: 0xffffffff max_cycles: 0xffffffff, max_idle_ns: 7645041785100000 ns
[    0.645682] futex hash table entries: 512 (order: 3, 32768 bytes)
[    0.648145] pinctrl core: initialized pinctrl subsystem
[    0.649570] RTC time: 17:57:46, date: 01/13/22
[    0.653975] NET: Registered protocol family 16
[    0.664359] cpuidle: using governor ladder
[    0.680237] cpuidle: using governor menu
[    0.681625] PCCT header not found.
[    0.682757] ACPI: bus type PCI registered
[    0.684155] acpiphp: ACPI Hot Plug PCI Controller Driver version: 0.5
[    0.685605] PCI: Using configuration type 1 for base access
[    0.698088] ACPI: Added _OSI(Module Device)
[    0.698987] ACPI: Added _OSI(Processor Device)
[    0.700123] ACPI: Added _OSI(3.0 _SCP Extensions)
[    0.701375] ACPI: Added _OSI(Processor Aggregator Device)
[    0.703610] ACPI: Executed 1 blocks of module-level executable AML code
[    0.706859] ACPI: Interpreter enabled
[    0.707697] ACPI: (supports S0 S5)
[    0.708743] ACPI: Using IOAPIC for interrupt routing
[    0.710696] PCI: Using host bridge windows from ACPI; if necessary, use "pci=nocrs" and report a bug
[    0.718478] ACPI: PCI Root Bridge [PCI0] (domain 0000 [bus 00-ff])
[    0.719784] acpi PNP0A03:00: _OSC: OS supports [ASPM ClockPM Segments MSI]
[    0.721555] acpi PNP0A03:00: _OSC: not requesting OS control; OS requires [ExtendedConfig ASPM ClockPM MSI]
[    0.723530] acpi PNP0A03:00: fail to add MMCONFIG information, can't access extended PCI configuration space under this bridge.
[    0.726789] PCI host bridge to bus 0000:00
[    0.728584] pci_bus 0000:00: root bus resource [io  0x0000-0x0cf7 window]
[    0.730377] pci_bus 0000:00: root bus resource [io  0x0d00-0xffff window]
[    0.731721] pci_bus 0000:00: root bus resource [mem 0x000a0000-0x000bffff window]
[    0.733566] pci_bus 0000:00: root bus resource [mem 0x40000000-0xfdffffff window]
[    0.735154] pci_bus 0000:00: root bus resource [bus 00-ff]
[    0.738251] pci 0000:00:01.1: legacy IDE quirk: reg 0x10: [io  0x01f0-0x01f7]
[    0.739858] pci 0000:00:01.1: legacy IDE quirk: reg 0x14: [io  0x03f6]
[    0.741279] pci 0000:00:01.1: legacy IDE quirk: reg 0x18: [io  0x0170-0x0177]
[    0.754506] pci 0000:00:01.1: legacy IDE quirk: reg 0x1c: [io  0x0376]
[    0.776219] pci 0000:00:07.0: quirk: [io  0x4000-0x403f] claimed by PIIX4 ACPI
[    0.779285] pci 0000:00:07.0: quirk: [io  0x4100-0x410f] claimed by PIIX4 SMB
[    0.789899] ACPI: PCI Interrupt Link [LNKA] (IRQs 5 9 10 *11)
[    0.792379] ACPI: PCI Interrupt Link [LNKB] (IRQs 5 9 *10 11)
[    0.795064] ACPI: PCI Interrupt Link [LNKC] (IRQs 5 *9 10 11)
[    0.797537] ACPI: PCI Interrupt Link [LNKD] (IRQs 5 9 10 *11)
[    0.799331] ACPI: Enabled 2 GPEs in block 00 to 07
[    0.800786] vgaarb: setting as boot device: PCI:0000:00:02.0
[    0.801957] vgaarb: device added: PCI:0000:00:02.0,decodes=io+mem,owns=io+mem,locks=none
[    0.803615] vgaarb: loaded
[    0.804412] vgaarb: bridge control possible 0000:00:02.0
[    0.806160] SCSI subsystem initialized
[    0.807184] ACPI: bus type USB registered
[    0.808046] usbcore: registered new interface driver usbfs
[    0.809517] usbcore: registered new interface driver hub
[    0.811889] usbcore: registered new device driver usb
[    0.814270] PCI: Using ACPI for IRQ routing
[    0.815443] NetLabel: Initializing
[    0.816406] NetLabel:  domain hash size = 128
[    0.817352] NetLabel:  protocols = UNLABELED CIPSOv4
[    0.818528] NetLabel:  unlabeled traffic allowed by default
[    0.820024] amd_nb: Cannot enumerate AMD northbridges
[    0.821222] clocksource: Switched to clocksource kvm-clock
[    0.836872] AppArmor: AppArmor Filesystem Enabled
[    0.837926] pnp: PnP ACPI init
[    0.839583] pnp: PnP ACPI: found 3 devices
[    0.851847] clocksource: acpi_pm: mask: 0xffffff max_cycles: 0xffffff, max_idle_ns: 2085701024 ns
[    0.854451] NET: Registered protocol family 2
[    0.855784] TCP established hash table entries: 8192 (order: 4, 65536 bytes)
[    0.857079] TCP bind hash table entries: 8192 (order: 5, 131072 bytes)
[    0.858628] TCP: Hash tables configured (established 8192 bind 8192)
[    0.860234] UDP hash table entries: 512 (order: 2, 16384 bytes)
[    0.861780] UDP-Lite hash table entries: 512 (order: 2, 16384 bytes)
[    0.863753] NET: Registered protocol family 1
[    0.864813] pci 0000:00:00.0: Limiting direct PCI/PCI transfers
[    0.866186] pci 0000:00:01.0: Activating ISA DMA hang workarounds
[    0.870610] Unpacking initramfs...
[    1.350541] Freeing initrd memory: 14888K
[    1.353110] clocksource: tsc: mask: 0xffffffffffffffff max_cycles: 0x2135f5e6f15, max_idle_ns: 440795231538 ns
[    1.359458] platform rtc_cmos: registered platform RTC device (no PNP device found)
[    1.362228] Scanning for low memory corruption every 60 seconds
[    1.364162] audit: initializing netlink subsys (disabled)
[    1.365504] audit: type=2000 audit(1642096671.651:1): initialized
[    1.367036] Initialise system trusted keyring
[    1.368072] HugeTLB registered 2 MB page size, pre-allocated 0 pages
[    1.370634] zbud: loaded
[    1.371778] VFS: Disk quotas dquot_6.6.0
[    1.372815] VFS: Dquot-cache hash table entries: 512 (order 0, 4096 bytes)
[    1.375012] squashfs: version 4.0 (2009/01/31) Phillip Lougher
[    1.381993] fuse init (API version 7.23)
[    1.382985] Key type big_key registered
[    1.383886] Allocating IMA MOK and blacklist keyrings.
[    1.385753] Key type asymmetric registered
[    1.386833] Asymmetric key parser 'x509' registered
[    1.387876] Block layer SCSI generic (bsg) driver version 0.4 loaded (major 249)
[    1.389582] io scheduler noop registered
[    1.390445] io scheduler deadline registered (default)
[    1.391556] io scheduler cfq registered
[    1.392830] pci_hotplug: PCI Hot Plug PCI Core version: 0.5
[    1.395387] pciehp: PCI Express Hot Plug Controller Driver version: 0.4
[    1.398070] ACPI: AC Adapter [AC] (off-line)
[    1.399258] input: Power Button as /devices/LNXSYSTM:00/LNXPWRBN:00/input/input0
[    1.401347] ACPI: Power Button [PWRF]
[    1.402324] input: Sleep Button as /devices/LNXSYSTM:00/LNXSLPBN:00/input/input1
[    1.404036] ACPI: Sleep Button [SLPF]
[    1.405113] GHES: HEST is not enabled!
[    1.406015] ACPI: Battery Slot [BAT0] (battery present)
[    1.407391] Serial: 8250/16550 driver, 32 ports, IRQ sharing enabled
[    1.430034] 00:02: ttyS0 at I/O 0x3f8 (irq = 4, base_baud = 115200) is a 16550A
[    1.434335] Linux agpgart interface v0.103
[    1.436962] loop: module loaded
[    1.438567] scsi host0: ata_piix
[    1.439909] scsi host1: ata_piix
[    1.440933] ata1: PATA max UDMA/33 cmd 0x1f0 ctl 0x3f6 bmdma 0xd000 irq 14
[    1.442894] ata2: PATA max UDMA/33 cmd 0x170 ctl 0x376 bmdma 0xd008 irq 15
[    1.445877] libphy: Fixed MDIO Bus: probed
[    1.447062] tun: Universal TUN/TAP device driver, 1.6
[    1.448211] tun: (C) 1999-2004 Max Krasnyansky <maxk@qualcomm.com>
[    1.449882] PPP generic driver version 2.4.2
[    1.450912] ehci_hcd: USB 2.0 'Enhanced' Host Controller (EHCI) Driver
[    1.452166] ehci-pci: EHCI PCI platform driver
[    1.453121] ehci-platform: EHCI generic platform driver
[    1.454253] ohci_hcd: USB 1.1 'Open' Host Controller (OHCI) Driver
[    1.455426] ohci-pci: OHCI PCI platform driver
[    1.456389] ohci-platform: OHCI generic platform driver
[    1.457476] uhci_hcd: USB Universal Host Controller Interface driver
[    1.459060] i8042: PNP: PS/2 Controller [PNP0303:PS2K,PNP0f03:PS2M] at 0x60,0x64 irq 1,12
[    1.463558] serio: i8042 KBD port at 0x60,0x64 irq 1
[    1.464987] serio: i8042 AUX port at 0x60,0x64 irq 12
[    1.466225] mousedev: PS/2 mouse device common for all mice
[    1.468300] rtc_cmos rtc_cmos: rtc core: registered rtc_cmos as rtc0
[    1.469832] input: AT Translated Set 2 keyboard as /devices/platform/i8042/serio0/input/input2
[    1.471885] rtc_cmos rtc_cmos: alarms up to one day, 114 bytes nvram
[    1.473114] i2c /dev entries driver
[    1.474075] device-mapper: uevent: version 1.0.3
[    1.475125] device-mapper: ioctl: 4.34.0-ioctl (2015-10-28) initialised: dm-devel@redhat.com
[    1.478585] ledtrig-cpu: registered to indicate activity on CPUs
[    1.480689] NET: Registered protocol family 10
[    1.481873] NET: Registered protocol family 17
[    1.482811] Key type dns_resolver registered
[    1.483944] registered taskstats version 1
[    1.484816] Loading compiled-in X.509 certificates
[    1.486533] Loaded X.509 cert 'Build time autogenerated kernel key: cf00e047681d67edb2720680708b7d9498083038'
[    1.488595] zswap: loaded using pool lzo/zbud
[    1.492472] Key type trusted registered
[    1.499070] Key type encrypted registered
[    1.499984] AppArmor: AppArmor sha1 policy hashing enabled
[    1.501087] ima: No TPM chip found, activating TPM-bypass!
[    1.502603] ima: Allocated hash algorithm: sha1
[    1.503758] evm: HMAC attrs: 0x1
[    1.505209]   Magic number: 6:192:997
[    1.506488] rtc_cmos rtc_cmos: setting system clock to 2022-01-13 17:57:47 UTC (1642096667)
[    1.508678] BIOS EDD facility v0.16 2004-Jun-25, 0 devices found
[    1.510694] EDD information not available.
[    1.633232] Freeing unused kernel memory: 1492K
[    1.636759] Write protecting the kernel read-only data: 14336k
[    1.639680] Freeing unused kernel memory: 1584K
[    1.642198] Freeing unused kernel memory: 52K
Loading, please wait...
starting version 229
[    1.673950] random: systemd-udevd: uninitialized urandom read (16 bytes read, 3 bits of entropy available)
[    1.676044] random: udevadm: uninitialized urandom read (16 bytes read, 3 bits of entropy available)
[    1.676111] random: udevadm: uninitialized urandom read (16 bytes read, 3 bits of entropy available)
[    1.697204] random: systemd-udevd: uninitialized urandom read (16 bytes read, 3 bits of entropy available)
[    1.700507] random: udevadm: uninitialized urandom read (16 bytes read, 3 bits of entropy available)
[    1.700583] random: udevadm: uninitialized urandom read (16 bytes read, 3 bits of entropy available)
[    1.700845] random: udevadm: uninitialized urandom read (16 bytes read, 3 bits of entropy available)
[    1.700942] random: udevadm: uninitialized urandom read (16 bytes read, 3 bits of entropy available)
[    1.701022] random: udevadm: uninitialized urandom read (16 bytes read, 3 bits of entropy available)
[    1.701101] random: udevadm: uninitialized urandom read (16 bytes read, 3 bits of entropy available)
[    1.774116] e1000: Intel(R) PRO/1000 Network Driver - version 7.3.21-k8-NAPI
[    1.777941] e1000: Copyright (c) 1999-2006 Intel Corporation.
[    1.783021] Fusion MPT base driver 3.04.20
[    1.784201] Copyright (c) 1999-2008 LSI Corporation
[    1.805672] Fusion MPT SPI Host driver 3.04.20
[    1.817129] AVX2 version of gcm_enc/dec engaged.
[    1.818228] AES CTR mode by8 optimization enabled
[    2.006233] input: ImExPS/2 Generic Explorer Mouse as /devices/platform/i8042/serio1/input/input4
[    2.378531] e1000 0000:00:03.0 eth0: (PCI:33MHz:32-bit) 02:be:82:6b:cc:1d
[    2.382579] e1000 0000:00:03.0 eth0: Intel(R) PRO/1000 Network Connection
[    2.387520] mptbase: ioc0: Initiating bringup
[    3.278468] ioc0: LSI53C1030 A0: Capabilities={Initiator}
[    4.933466] scsi host2: ioc0: LSI53C1030 A0, FwRev=00000000h, Ports=1, MaxQ=256, IRQ=20
[    5.927844] scsi 2:0:0:0: Direct-Access     VBOX     HARDDISK         1.0  PQ: 0 ANSI: 5
[    5.945721] scsi target2:0:0: Beginning Domain Validation
[    5.958972] scsi target2:0:0: Domain Validation skipping write tests
[    5.966041] scsi target2:0:0: Ending Domain Validation
[    5.971354] scsi target2:0:0: asynchronous
[    5.978006] scsi 2:0:1:0: Direct-Access     VBOX     HARDDISK         1.0  PQ: 0 ANSI: 5
[    5.989526] scsi target2:0:1: Beginning Domain Validation
[    6.000446] scsi target2:0:1: Domain Validation skipping write tests
[    6.003765] scsi target2:0:1: Ending Domain Validation
[    6.005302] scsi target2:0:1: asynchronous
[    6.051617] sd 2:0:0:0: Attached scsi generic sg0 type 0
[    6.056058] sd 2:0:1:0: Attached scsi generic sg1 type 0
[    6.057815] sd 2:0:0:0: [sda] 83886080 512-byte logical blocks: (42.9 GB/40.0 GiB)
[    6.065320] sd 2:0:1:0: [sdb] 20480 512-byte logical blocks: (10.5 MB/10.0 MiB)
[    6.067174] sd 2:0:0:0: [sda] Write Protect is off
[    6.068260] sd 2:0:1:0: [sdb] Write Protect is off
[    6.069595] sd 2:0:0:0: [sda] Incomplete mode parameter data
[    6.070905] sd 2:0:0:0: [sda] Assuming drive cache: write through
[    6.072328] sd 2:0:1:0: [sdb] Incomplete mode parameter data
[    6.073774] sd 2:0:1:0: [sdb] Assuming drive cache: write through
[    6.092551]  sda: sda1
[    6.098984] sd 2:0:0:0: [sda] Attached SCSI disk
[    6.102488] sd 2:0:1:0: [sdb] Attached SCSI disk
[    6.445732] e1000 0000:00:08.0 eth1: (PCI:33MHz:32-bit) 08:00:27:50:22:49
[    6.450002] e1000 0000:00:08.0 eth1: Intel(R) PRO/1000 Network Connection
[    6.456304] e1000 0000:00:03.0 enp0s3: renamed from eth0
[    6.466008] e1000 0000:00:08.0 enp0s8: renamed from eth1
Begin: Loading essential drivers ... [    8.277769] md: linear personality registered for level -1
[    8.282376] md: multipath personality registered for level -4
[    8.285639] md: raid0 personality registered for level 0
[    8.290631] md: raid1 personality registered for level 1
[    8.365368] raid6: sse2x1   gen()  6637 MB/s
[    8.433331] raid6: sse2x1   xor()  2558 MB/s
[    8.501308] raid6: sse2x2   gen()  5355 MB/s
[    8.569313] raid6: sse2x2   xor()  3485 MB/s
[    8.637299] raid6: sse2x4   gen()  5911 MB/s
[    8.705308] raid6: sse2x4   xor()  3572 MB/s
[    8.773330] raid6: avx2x1   gen()  7372 MB/s
[    8.841339] raid6: avx2x2   gen()  9027 MB/s
[    8.909316] raid6: avx2x4   gen()  9833 MB/s
[    8.912049] raid6: using algorithm avx2x4 gen() 9833 MB/s
[    8.915424] raid6: using avx2x2 recovery algorithm
[    8.920811] xor: automatically using best checksumming function:
[    8.961459]    avx       : 12207.000 MB/sec
[    8.968101] async_tx: api initialized (async)
[    8.999323] md: raid6 personality registered for level 6
[    9.003225] md: raid5 personality registered for level 5
[    9.006208] md: raid4 personality registered for level 4
[    9.026919] md: raid10 personality registered for level 10
done.
Begin: Running /scripts/init-premount ... done.
Begin: Mounting root file system ... Begin: Running /scripts/local-top ... done.
Begin: Running /scripts/local-premount ... [    9.104581] Btrfs loaded
Scanning for Btrfs filesystems
done.
Warning: fsck not present, so skipping root file system
[    9.184018] EXT4-fs (sda1): mounted filesystem with ordered data mode. Opts: (null)
done.
Begin: Running /scripts/local-bottom ... done.
Begin: Running /scripts/init-bottom ... done.
[    9.350435] systemd[1]: systemd 229 running in system mode. (+PAM +AUDIT +SELINUX +IMA +APPARMOR +SMACK +SYSVINIT +UTMP +LIBCRYPTSETUP +GCRYPT +GNUTLS +ACL +XZ -LZ4 +SECCOMP +BLKID +ELFUTILS +KMOD -IDN)
[    9.354565] systemd[1]: Detected virtualization oracle.
[    9.355624] systemd[1]: Detected architecture x86-64.

Welcome to [1mUbuntu 16.04.7 LTS[0m!

[    9.359549] systemd[1]: Set hostname to <ubuntu>.
[    9.363882] systemd[1]: Initializing machine ID from random generator.
[    9.365245] systemd[1]: Installed transient /etc/machine-id file.
[    9.819814] systemd[1]: Reached target User and Group Name Lookups.
[[0;32m  OK  [0m] Reached target User and Group Name Lookups.
[    9.822446] systemd[1]: Listening on Journal Audit Socket.
[[0;32m  OK  [0m] Listening on Journal Audit Socket.
[    9.824669] systemd[1]: Started Trigger resolvconf update for networkd DNS.
[[0;32m  OK  [0m] Started Trigger resolvconf update for networkd DNS.
[    9.827975] systemd[1]: Listening on udev Kernel Socket.
[[0;32m  OK  [0m] Listening on udev Kernel Socket.
[    9.830998] systemd[1]: Reached target Encrypted Volumes.
[[0;32m  OK  [0m] Reached target Encrypted Volumes.
[    9.833168] systemd[1]: Listening on udev Control Socket.
[[0;32m  OK  [0m] Listening on udev Control Socket.
[    9.835321] systemd[1]: Listening on Journal Socket (/dev/log).
[[0;32m  OK  [0m] Listening on Journal Socket (/dev/log).
[    9.837509] systemd[1]: Listening on Syslog Socket.
[[0;32m  OK  [0m] Listening on Syslog Socket.
[    9.839438] systemd[1]: Listening on Device-mapper event daemon FIFOs.
[[0;32m  OK  [0m] Listening on Device-mapper event daemon FIFOs.
[    9.841869] systemd[1]: Listening on LVM2 poll daemon socket.
[[0;32m  OK  [0m] Listening on LVM2 poll daemon socket.
[    9.939869] systemd[1]: Set up automount Arbitrary Executable File Formats File System Automount Point.
[[0;32m  OK  [0m] Set up automount Arbitrary Executab...ats File System Automount Point.
[    9.955602] systemd[1]: Listening on LVM2 metadata daemon socket.
[[0;32m  OK  [0m] Listening on LVM2 metadata daemon socket.
[    9.968548] systemd[1]: Created slice User and Session Slice.
[[0;32m  OK  [0m] Created slice User and Session Slice.
[    9.975228] systemd[1]: Listening on /dev/initctl Compatibility Named Pipe.
[[0;32m  OK  [0m] Listening on /dev/initctl Compatibility Named Pipe.
[    9.982437] systemd[1]: Reached target System Time Synchronized.
[[0;32m  OK  [0m] Reached target System Time Synchronized.
[    9.987449] systemd[1]: Listening on fsck to fsckd communication Socket.
[[0;32m  OK  [0m] Listening on fsck to fsckd communication Socket.
[    9.992565] systemd[1]: Created slice System Slice.
[[0;32m  OK  [0m] Created slice System Slice.
[    9.996516] systemd[1]: Created slice system-serial\x2dgetty.slice.
[[0;32m  OK  [0m] Created slice system-serial\x2dgetty.slice.
[    9.999264] systemd[1]: Reached target Slices.
[[0;32m  OK  [0m] Reached target Slices.
[   10.001059] systemd[1]: Reached target Swap.
[[0;32m  OK  [0m] Reached target Swap.
[   10.002880] systemd[1]: Started Forward Password Requests to Wall Directory Watch.
[[0;32m  OK  [0m] Started Forward Password Requests to Wall Directory Watch.
[   10.005819] systemd[1]: Listening on Journal Socket.
[[0;32m  OK  [0m] Listening on Journal Socket.
[   10.017601] systemd[1]: Starting Nameserver information manager...
         Starting Nameserver information manager...
[   10.031340] systemd[1]: Starting Create list of required static device nodes for the current kernel...
         Starting Create list of required st... nodes for the current kernel...
[   10.036827] systemd[1]: Starting File System Check on Root Device...
         Starting File System Check on Root Device...
[   10.040530] systemd[1]: Starting Journal Service...
         Starting Journal Service...
[   10.044679] systemd[1]: Starting Set console keymap...
         Starting Set console keymap...
[   10.053008] systemd[1]: Mounting Debug File System...
         Mounting Debug File System...
[   10.063840] systemd[1]: Starting Load Kernel Modules...
         Starting Load Kernel Modules...
[   10.068730] systemd[1]: Mounting POSIX Message Queue File System...
         Mounting POSIX Message Queue File System...
[   10.075249] Loading iSCSI transport class v2.0-870.
[   10.077658] systemd[1]: Starting Uncomplicated firewall...
         Starting Uncomplicated firewall...
[   10.081834] random: nonblocking pool is initialized
[   10.083923] systemd[1]: Starting Monitoring of LVM2 mirrors, snapshots etc. using dmeventd or progress polling...
         Starting Monitoring of LVM2 mirrors... dmeventd or progress polling...
[   10.090894] systemd[1]: Mounting Huge Pages File System...
         Mounting Huge Pages File System...
[   10.093088] iscsi: registered transport (tcp)
[   10.101345] systemd[1]: Mounted Huge Pages File System.
[[0;32m  OK  [0m] Mounted Huge Pages File System.
[   10.104195] systemd[1]: Mounted POSIX Message Queue File System.
[[0;32m  OK  [0m] Mounted POSIX Message Queue File System.
[   10.108267] systemd[1]: Mounted Debug File System.
[[0;32m  OK  [0m] Mounted Debug File System.
[   10.113391] systemd[1]: Started Journal Service.
[[0;32m  OK  [0m] Started Journal Service.
[[0;32m  OK  [0m] Started Create list of required sta...ce nodes for the current kernel.
[[0;32m  OK  [0m] Started File System Check on Root Device.
[[0;32m  OK  [0m] Started Uncomplicated firewall.
[[0;32m  OK  [0m] Started Nameserver information manager.
[[0;32m  OK  [0m] Started Set console keymap.
[[0;32m  OK  [0m] Started LVM2 metadata daemon.
[[0;32m  OK  [0m] Started File System Check Daemon to report status.
         Starting Remount Root and Kernel File Systems...
         Starting Create Static Device Nodes in /dev...
[   10.200215] iscsi: registered transport (iser)
[   10.201941] EXT4-fs (sda1): re-mounted. Opts: (null)
[[0;32m  OK  [0m] Started Remount Root and Kernel File Systems.
[[0;32m  OK  [0m] Started Load Kernel Modules.
         Mounting FUSE Control File System...
         Starting Apply Kernel Variables...
         Starting Load/Save Random Seed...
         Starting Flush Journal to Persistent Storage...
         Starting udev Coldplug all Devices...
[[0;32m  OK  [0m] Mounted FUSE Control File System.
[[0;32m  OK  [0m] Started Create Static Device Nodes in /dev.
[[0;32m  OK  [0m] Started Apply Kernel Variables.
[[0;32m  OK  [0m] Started Load/Save Random Seed.
         Starting udev Kernel Device Manager...
[[0;32m  OK  [0m] Started Flush Journal to Persistent Storage.
[[0;32m  OK  [0m] Started udev Kernel Device Manager.
[[0;32m  OK  [0m] Started udev Coldplug all Devices.
[[0;32m  OK  [0m] Started Dispatch Password Requests to Console Directory Watch.
[[0;32m  OK  [0m] Started Monitoring of LVM2 mirrors,...ng dmeventd or progress polling.
[[0;32m  OK  [0m] Reached target Local File Systems (Pre).
[[0;32m  OK  [0m] Reached target Local File Systems.
         Starting Initial cloud-init job (pre-networking)...
         Starting Set console font and keymap...
         Starting Create Volatile Files and Directories...
         Starting Commit a transient machine-id on disk...
         Starting Tell Plymouth To Write Out Runtime Data...
         Starting LSB: AppArmor initialization...
[[0;32m  OK  [0m] Started Tell Plymouth To Write Out Runtime Data.
[[0;32m  OK  [0m] Started Create Volatile Files and Directories.
[[0;32m  OK  [0m] Started Commit a transient machine-id on disk.
[[0;32m  OK  [0m] Found device /dev/ttyS0.
         Starting Update UTMP about System Boot/Shutdown...
[[0;32m  OK  [0m] Started Update UTMP about System Boot/Shutdown.
[[0;32m  OK  [0m] Listening on Load/Save RF Kill Switch Status /dev/rfkill Watch.
[   13.071700] cloud-init[519]: Cloud-init v. 21.1-19-gbad84ad4-0ubuntu1~16.04.2 running 'init-local' at Thu, 13 Jan 2022 17:57:58 +0000. Up 12.14 seconds.
[[0;32m  OK  [0m] Started Initial cloud-init job (pre-networking).
[[0;32m  OK  [0m] Reached target Network (Pre).
[[0;32m  OK  [0m] Started LSB: AppArmor initialization.
         Starting Raise network interfaces...
         Starting Load AppArmor profiles managed internally by snapd...
[[0;32m  OK  [0m] Started Set console font and keymap.
[[0;32m  OK  [0m] Created slice system-getty.slice.
[[0;32m  OK  [0m] Started Load AppArmor profiles managed internally by snapd.
[[0;32m  OK  [0m] Started Raise network interfaces.
[[0;32m  OK  [0m] Reached target Network.
         Starting Initial cloud-init job (metadata service crawler)...
[   15.868938] cloud-init[959]: Cloud-init v. 21.1-19-gbad84ad4-0ubuntu1~16.04.2 running 'init' at Thu, 13 Jan 2022 17:58:00 +0000. Up 14.68 seconds.
[   15.880710] cloud-init[959]: ci-info: ++++++++++++++++++++++++++++++++++++++Net device info+++++++++++++++++++++++++++++++++++++++
[   15.884872] cloud-init[959]: ci-info: +--------+-------+----------------------------+---------------+--------+-------------------+
[   15.887906] cloud-init[959]: ci-info: | Device |   Up  |          Address           |      Mask     | Scope  |     Hw-Address    |
[   15.890275] cloud-init[959]: ci-info: +--------+-------+----------------------------+---------------+--------+-------------------+
[   15.896605] cloud-init[959]: ci-info: | enp0s3 |  True |         10.0.2.15          | 255.255.255.0 | global | 02:be:82:6b:cc:1d |
[   15.900251] cloud-init[959]: ci-info: | enp0s3 |  True | fe80::be:82ff:fe6b:cc1d/64 |       .       |  link  | 02:be:82:6b:cc:1d |
[   15.903819] cloud-init[959]: ci-info: | enp0s8 | False |             .              |       .       |   .    | 08:00:27:50:22:49 |
[   15.907187] cloud-init[959]: ci-info: |   lo   |  True |         127.0.0.1          |   255.0.0.0   |  host  |         .         |
[   15.912567] cloud-init[959]: ci-info: |   lo   |  True |          ::1/128           |       .       |  host  |         .         |
[   15.915188] cloud-init[959]: ci-info: +--------+-------+----------------------------+---------------+--------+-------------------+
[   15.919871] cloud-init[959]: ci-info: +++++++++++++++++++++++++++Route IPv4 info++++++++++++++++++++++++++++
[   15.923171] cloud-init[959]: ci-info: +-------+-------------+----------+---------------+-----------+-------+
[   15.932978] cloud-init[959]: ci-info: | Route | Destination | Gateway  |    Genmask    | Interface | Flags |
[   15.937537] cloud-init[959]: ci-info: +-------+-------------+----------+---------------+-----------+-------+
[   15.944898] cloud-init[959]: ci-info: |   0   |   0.0.0.0   | 10.0.2.2 |    0.0.0.0    |   enp0s3  |   UG  |
[   15.953100] cloud-init[959]: ci-info: |   1   |   10.0.2.0  | 0.0.0.0  | 255.255.255.0 |   enp0s3  |   U   |
[   15.957318] cloud-init[959]: ci-info: +-------+-------------+----------+---------------+-----------+-------+
[   15.964690] cloud-init[959]: ci-info: +++++++++++++++++++Route IPv6 info+++++++++++++++++++
[   15.972920] cloud-init[959]: ci-info: +-------+-------------+---------+-----------+-------+
[   15.980890] cloud-init[959]: ci-info: | Route | Destination | Gateway | Interface | Flags |
[   15.989082] cloud-init[959]: ci-info: +-------+-------------+---------+-----------+-------+
[   15.997057] [[0;32m  OK  [0m] Started Initial cloud-init job (metadata service crawler).
cloud-init[959]: ci-info: |   0   |  fe80::/64  |    ::   |   enp0s3  |   U   |
[   16.000431] [cloud-init[0;32m  OK  [0m[959]: ] ci-info: |   3   |   ff00::/8  |    ::   |   enp0s3  |   U   |Reached target System Initialization.

[   16.008707] cloud-init[959]: ci-info: +-------+-------------+---------+-----------+-------+
[   16.010284] cloud-init[959]: Generating public/private rsa key pair.
[   16.016896] cloud-init[959]: Your identification has been saved in /etc/ssh/ssh_host_rsa_key.
[[0;32m  OK  [0m] Started Ubuntu Advantage update messaging.
[[0;32m  OK  [0m] Started Daily apt download activities.
[[0;32m  OK  [0m] Listening on D-Bus System Message Bus Socket.
[[0;32m  OK  [0m] Started Daily apt upgrade and clean activities.
[[0;32m  OK  [0m] Listening on UUID daemon activation socket.
[[0;32m  OK  [0m] Started Message of the Day.
[   16.019857] cloud-init[959]: Your public key has been saved in /etc/ssh/ssh_host_rsa_key.pub.
[   16.024585] cloud-init[959]: The key fingerprint is:
[   16.024708] cloud-init[959]: SHA256:cs823vNo5B8hvuxzok31m5BmCijbvt9UjP47Fs098Xk root@ubuntu-xenial
[   16.024942] cloud-init[959]: The key's randomart image is:
[   16.025263] cloud-init[959]: +---[RSA 2048]----+
[   16.025404] cloud-init[959]: |                 |
[   16.025552] cloud-init[959]: |                 |
[   16.026214] cloud-init[959]: |                 |
[   16.026392] cloud-init[959]: |            o  . |
[   16.026677] cloud-init[959]: |      . S  ..o= =|
[   16.026860] cloud-init[959]: |       o.o..o+.BE|
[   16.027598] cloud-init[959]: |     . . .==o=o +|
[   16.027726] cloud-init[959]: |      +  o+*@=o.o|[[0;32m  OK  [0m] Listening on ACPID Listen Socket.
[[0;32m  OK  [0m] Started Daily Cleanup of Temporary Directories.
[[0;32m  OK  [0m] Reached target Timers.
         Starting Socket activation for snappy daemon.

[   16.038433] cloud-init[959]: |     ..+o.o*OX=o |
[   16.039361] cloud-init[959]: +----[SHA256]-----+
[   16.040237] cloud-init[959]: Generating public/private dsa key pair.
         Starting LXD - unix socket.
[   16.041759] cloud-init[959]: Your identification has been saved in /etc/ssh/ssh_host_dsa_key.
[   16.048182] cloud-init[959]: Your public key has been saved in /etc/ssh/ssh_host_dsa_key.pub.
[   16.049508] cloud-init[959]: The key fingerprint is:
[   16.050582] cloud-init[959]: SHA256:ognd+hp5XJl8kSDHcIEkaSePVIiVgIf+66iUhWCJ4kQ root@ubuntu-xenial
[[0;32m  OK  [0m] Started ACPI Events Check.
[[0;32m  OK  [0m] Reached target Paths.
[[0;32m  OK  [0m] Reached target Network is Online.
[   16.056218] cloud-init[959]: The key's randomart image is:
[   16.085313] cloud-init[959]: +---[DSA 1024]----+
[   16.092749] cloud-init[959]: | E.+o*=+=.       |
[   16.094165] cloud-init[959]: |= + B.o+.. .     |
[   16.100502] cloud-init[959]: |== o =    o      |
[   16.103268]          Starting iSCSI initiator daemon (iscsid)...
[[0;32m  OK  [0m] Reached target Cloud-config availability.
cloud-init[959]: |*....... o .     |
[   16.107113] [[0;32m  OK  [0m] Listening on Socket activation for snappy daemon.
[[0;32m  OK  [0m] Listening on LXD - unix socket.
[cloud-init[0;32m  OK  [0m[959]: ] | oo.. o S .      |Reached target Sockets.

[   16.110890] [[0;32m  OK  [0m] Reached target Basic System.
cloud-init[959]: |  oo * o .       |
[   16.113655] cloud-init[959]: | o  B o          |
[   16.121389]          Starting Virtualbox guest utils...
cloud-init[959]: |. .. +           |
[   16.130590] cloud-init[959]: |o......          |
[   16.131072]          cloud-initStarting LXD - container startup/shutdown...[959]: 
+----[SHA256]-----+
         Starting LSB: Record successful boot for GRUB...
[[0;32m  OK  [0m] Started FUSE filesystem for LXC.
[   16.143763] cloud-init[959]: Generating public/private ecdsa key pair.
[   16.149058] cloud-init[959]: Your identification has been saved in /etc/ssh/ssh_host_ecdsa_key.
[[0;32m  OK  [0m] Started Deferred execution scheduler.
         Starting System Logging Service...
         Starting Snap Daemon...
         [   16.158629] cloud-init[959]: Your public key has been saved in /etc/ssh/ssh_host_ecdsa_key.pub.
[   16.159007] cloud-init[959]: The key fingerprint is:
[   16.159430] cloud-init[959]: SHA256:z3u/MQLRE6TvuTGm5GxLbFbSN+zJqceV+MQ5M53tUjA root@ubuntu-xenial
[   16.159699] cloud-init[959]: The key's randomart image is:
[   16.160768] cloud-init[959]: +---[ECDSA 256]---+
[   16.160878] cloud-init[959]: |           .o    |
[   16.161162] cloud-init[959]: |           o .   |
[   16.161589] cloud-init[959]: |          o o    |
[   16.161887] cloud-init[959]: |           + oE  |
[   16.162157] cloud-init[959]: |        S o + *o*|
[   16.162590] cloud-init[959]: |         + = * &=|
[   16.163037] cloud-init[959]: |          O B.X++|
[   16.163448] cloud-init[959]: |         B.+.*++.|
[   16.163760] cloud-init[959]: |         .*ooooo |
[   16.164310] cloud-init[959]: +----[SHA256]-----+
[   16.164571] cloud-init[959]: Generating public/private ed25519 key pair.
[   16.164911] cloud-init[959]: Your identification has been saved in /etc/ssh/ssh_host_ed25519_key.
[   16.165177] cloud-init[959]: Your public key has been saved in /etc/ssh/ssh_host_ed25519_key.pub.
[   16.165442] cloud-init[959]: The key fingerprint is:
[   16.165509] cloud-init[959]: SHA256:nIYTmJJe/vRF7b65H6T9Fm58mJaKyoXfuJqAW6zz398 root@ubuntu-xenial
[   16.165845] cloud-init[959]: The key's randomart image is:
Starting Login Service...
         Starting Accounts Service...
[   16.167232] cloud-init[959]: +--[ED25519 256]--+
         Starting LSB: MD monitoring daemon...
         Starting Pollinate to seed the pseudo random number generator...
[   16.181537] cloud-init[959]: |                 |
[   16.192929]          Starting /etc/rc.local Compatibility...
cloud-init[959]: |   . o     .     |
[[0;32m  OK  [0m] Started ACPI event daemon.
[   16.200625] [[0;32m  OK  [0m] Started D-Bus System Message Bus.
cloud-init[959]: |  o + .   . .    |
[   16.207849] cloud-init[959]: | . +   + o .     |
[   16.209894] cloud-init[959]: |  . . + S . . .  |
[   16.211991] cloud-init[959]: |     = + o . + . |
[   16.217254] cloud-init[959]: |    . = o . o =+.|
[   16.227976] cloud-init[959]: |    .+ o = + +=*o|
[   16.229208] cloud-init[959]: |    oo..*o*oB=E.o|
[   16.230364] cloud-init[959]: +----[SHA256]-----+
[[0;32m  OK  [0m] Started Regular background program processing daemon.
[[0;32m  OK  [0m] Started System Logging Service.
[[0;32m  OK  [0m] Started /etc/rc.local Compatibility.
[[0;32m  OK  [0m] Started Login Service.
[[0;32m  OK  [0m] Started iSCSI initiator daemon (iscsid).
         Starting Login to default iSCSI targets...
[[0;32m  OK  [0m] Started Unattended Upgrades Shutdown.
         Starting Authenticate and Authorize Users to Run Privileged Tasks...
[[0;32m  OK  [0m] Started LSB: Record successful boot for GRUB.
[[0;32m  OK  [0m] Started LSB: MD monitoring daemon.
[[0;32m  OK  [0m] Started LXD - container startup/shutdown.
[[0;32m  OK  [0m] Started Authenticate and Authorize Users to Run Privileged Tasks.
[[0;32m  OK  [0m] Started Accounts Service.
[[0;32m  OK  [0m] Started Login to default iSCSI targets.
[[0;32m  OK  [0m] Reached target Remote File Systems (Pre).
[[0;32m  OK  [0m] Reached target Remote File Systems.
         Starting LSB: Set the CPU Frequency Scaling governor to "ondemand"...
         Starting Permit User Sessions...
         Starting LSB: daemon to balance interrupts for SMP systems...
         Starting LSB: automatic crash report generation...
[[0;32m  OK  [0m] Started Permit User Sessions.
         Starting Terminate Plymouth Boot Screen...
         Starting Hold until boot process finishes up...
[[0;32m  OK  [0m] Started Hold until boot process finishes up.
[[0;32m  OK  [0m] Started Terminate Plymouth Boot Screen.
[[0;32m  OK  [0m] Started Serial Getty on ttyS0.
[[0;32m  OK  [0m] Started Getty on tty1.
[[0;32m  OK  [0m] Reached target Login Prompts.
         Starting Set console scheme...
[[0;32m  OK  [0m] Started Virtualbox guest utils.
[[0;32m  OK  [0m] Started Set console scheme.
[[0;32m  OK  [0m] Started LSB: Set the CPU Frequency Scaling governor to "ondemand".
[[0;32m  OK  [0m] Started LSB: daemon to balance interrupts for SMP systems.
[[0;32m  OK  [0m] Started LSB: automatic crash report generation.
[[0;32m  OK  [0m] Started Snap Daemon.
         Starting Wait until snapd is fully seeded...
[[0;32m  OK  [0m] Started Pollinate to seed the pseudo random number generator.
         Starting OpenBSD Secure Shell server...
[[0;32m  OK  [0m] Started OpenBSD Secure Shell server.
[[0;32m  OK  [0m] Started Wait until snapd is fully seeded.
         Starting Apply the settings specified in cloud-config...
[[0;32m  OK  [0m] Reached target Multi-User System.
[[0;32m  OK  [0m] Reached target Graphical Interface.
         Starting Update UTMP about System Runlevel Changes...
[[0;32m  OK  [0m] Started Update UTMP about System Runlevel Changes.
[[0;32m  OK  [0m] Created slice User Slice of vagrant.
         Starting User Manager for UID 1000...
[[0;32m  OK  [0m] Started Session 1 of user vagrant.
[[0;32m  OK  [0m] Started User Manager for UID 1000.
[   18.784644] cloud-init[1314]: Generating locales (this might take a while)...
[   20.957435] cloud-init[1314]:   en_US.UTF-8... done
[   20.966146] cloud-init[1314]: Generation complete.
[   21.716213] cloud-init[1314]: Cloud-init v. 21.1-19-gbad84ad4-0ubuntu1~16.04.2 running 'modules:config' at Thu, 13 Jan 2022 17:58:04 +0000. Up 18.56 seconds.

Ubuntu 16.04.7 LTS ubuntu-xenial ttyS0

ubuntu-xenial login: ci-info: no authorized SSH keys fingerprints found for user ubuntu.
<14>Jan 13 17:58:09 ec2: 
<14>Jan 13 17:58:09 ec2: #############################################################
<14>Jan 13 17:58:09 ec2: -----BEGIN SSH HOST KEY FINGERPRINTS-----
<14>Jan 13 17:58:09 ec2: 1024 SHA256:ognd+hp5XJl8kSDHcIEkaSePVIiVgIf+66iUhWCJ4kQ root@ubuntu-xenial (DSA)
<14>Jan 13 17:58:09 ec2: 256 SHA256:z3u/MQLRE6TvuTGm5GxLbFbSN+zJqceV+MQ5M53tUjA root@ubuntu-xenial (ECDSA)
<14>Jan 13 17:58:09 ec2: 256 SHA256:nIYTmJJe/vRF7b65H6T9Fm58mJaKyoXfuJqAW6zz398 root@ubuntu-xenial (ED25519)
<14>Jan 13 17:58:09 ec2: 2048 SHA256:cs823vNo5B8hvuxzok31m5BmCijbvt9UjP47Fs098Xk root@ubuntu-xenial (RSA)
<14>Jan 13 17:58:09 ec2: -----END SSH HOST KEY FINGERPRINTS-----
<14>Jan 13 17:58:09 ec2: #############################################################
-----BEGIN SSH HOST KEY KEYS-----
ecdsa-sha2-nistp256 AAAAE2VjZHNhLXNoYTItbmlzdHAyNTYAAAAIbmlzdHAyNTYAAABBBMudcZxPZZosMuG4mpG95FHIny7EoE+mAQDfK94SE3HeCyz8MKJGnr+ZPP5ofMFCtM+8Rjlof1TXWp5Wmzy3vkw= root@ubuntu-xenial
ssh-ed25519 AAAAC3NzaC1lZDI1NTE5AAAAIE+p9qO+JrwUbx4+E3/mrm5ryimT1yuJYrO+XTKVd/NI root@ubuntu-xenial
ssh-rsa AAAAB3NzaC1yc2EAAAADAQABAAABAQDCMhJPEjL2ntJc07Ua0xqeBi25Pi/kEIvYx7+1wNDCxNk+WZAcvFj2wz92IWZdBbbOLA9//GzDgYjTDEae6spBoytvc6EO0kf8infE1bi9a1KelprUNXcCvks6fKk1HcP3mJKy6Rub6hci33seclC8xXmnbS54PJovAaGzcqS9Rkx7E7L7miBF3qo2r5p7HfyedXYQRD+S8ynUY/d/8FH3lL16T80o7LonUmXimJ0MUqlIpWwJpyXV5bw/EwDF1oZT4IEqLRfYx0SRrCRugxluEduD8zL2FiNSHyhMut6TClk75sEpLdEX/7spSx7olC1R8q1Ws3MR+RaQ/uY/CxLR root@ubuntu-xenial
-----END SSH HOST KEY KEYS-----
[   22.999530] cloud-init[1506]: Cloud-init v. 21.1-19-gbad84ad4-0ubuntu1~16.04.2 running 'modules:final' at Thu, 13 Jan 2022 17:58:08 +0000. Up 22.64 seconds.
[   22.999760] cloud-init[1506]: ci-info: no authorized SSH keys fingerprints found for user ubuntu.
[   23.000375] cloud-init[1506]: Cloud-init v. 21.1-19-gbad84ad4-0ubuntu1~16.04.2 finished at Thu, 13 Jan 2022 17:58:09 +0000. Datasource DataSourceNoCloud [seed=/dev/sdb][dsmode=net].  Up 22.99 seconds
